<?xml version="1.0" encoding="UTF-8"?>
<testng-results ignored="0" total="1" passed="1" failed="0" skipped="0">
  <reporter-output>
  </reporter-output>
  <suite started-at="2026-09-13T10:13:41 IST" name="Suite" finished-at="2026-09-13T10:13:41 IST" duration-ms="74">
    <groups>
      <group name="smoke">
        <method signature="DemoTest.addTest()[pri:0, instance:demo.DemoTest@222545dc]" name="addTest" class="demo.DemoTest"/>
      </group> <!-- smoke -->
    </groups>
    <test started-at="2026-09-13T10:13:41 IST" name="Test" finished-at="2026-09-13T10:13:41 IST" duration-ms="74">
      <class name="demo.DemoTest">
        <test-method signature="addTest()[pri:0, instance:demo.DemoTest@222545dc]" started-at="2026-09-13T10:13:41 IST" name="addTest" finished-at="2026-09-13T10:13:41 IST" duration-ms="16" status="PASS">
          <reporter-output>
          </reporter-output>
        </test-method> <!-- addTest -->
      </class> <!-- demo.DemoTest -->
    </test> <!-- Test -->
  </suite> <!-- Suite -->
</testng-results>
